<?xml version="1.0" encoding="UTF-8"?>
<!-- Generated by org.testng.reporters.JUnitReportReporter -->
<testsuite skipped="0" hostname="devesh-linux" name="Pojo.googleapi" tests="1" failures="0" timestamp="2021-10-25T11:57:40 IST" time="1.454" errors="0">
  <testcase name="googlepostapi" time="1.454" classname="Pojo.googleapi"/>
  <system-out/>
</testsuite> <!-- Pojo.googleapi -->
