<?xml version="1.0" encoding="UTF-8"?>
<!-- Generated by org.testng.reporters.JUnitReportReporter -->
<testsuite skipped="0" hostname="devesh-linux" name="Pojo.coursedetails" tests="1" failures="0" timestamp="2021-10-19T23:16:56 IST" time="2.356" errors="0">
  <testcase name="oauthautomation" time="2.356" classname="Pojo.coursedetails"/>
  <system-out/>
</testsuite> <!-- Pojo.coursedetails -->
