<?xml version="1.0" encoding="UTF-8"?>
<!-- Generated by org.testng.reporters.JUnitReportReporter -->
<testsuite hostname="Devesh" failures="0" tests="1" name="Pojo.googleapi" time="2.363" errors="0" timestamp="2021-10-25T16:43:15 IST" skipped="0">
  <testcase classname="Pojo.googleapi" name="googlepostapi" time="2.363"/>
  <system-out/>
</testsuite> <!-- Pojo.googleapi -->
