<?xml version="1.0" encoding="UTF-8"?>
<!-- Generated by org.testng.reporters.JUnitReportReporter -->
<testsuite skipped="0" hostname="devesh-linux" name="Source.LibraryApi" tests="3" failures="0" timestamp="2021-09-25T13:52:15 IST" time="1.625" errors="0">
  <testcase name="postrequest" time="0.219" classname="Source.LibraryApi"/>
  <system-out/>
  <testcase name="postrequest" time="0.205" classname="Source.LibraryApi"/>
  <system-out/>
  <testcase name="postrequest" time="1.201" classname="Source.LibraryApi"/>
  <system-out/>
</testsuite> <!-- Source.LibraryApi -->
