<?xml version="1.0" encoding="UTF-8"?>
<!-- Generated by org.testng.reporters.JUnitReportReporter -->
<testsuite skipped="0" hostname="devesh-linux" name="Source.jiraissuebasics" tests="2" failures="0" timestamp="2021-10-08T20:43:31 IST" time="1.271" errors="0">
  <testcase name="addcomment" time="1.145" classname="Source.jiraissuebasics"/>
  <system-out/>
  <testcase name="createissue" time="0.126" classname="Source.jiraissuebasics"/>
  <system-out/>
</testsuite> <!-- Source.jiraissuebasics -->
