<?xml version="1.0" encoding="UTF-8"?>
<!-- Generated by org.testng.reporters.JUnitReportReporter -->
<testsuite hostname="Devesh" failures="0" tests="1" name="libraryapi.LibraryAPI" time="1.602" errors="0" timestamp="2022-04-16T12:43:08 IST" skipped="0">
  <testcase classname="libraryapi.LibraryAPI" name="postaction" time="1.602"/>
  <system-out/>
</testsuite> <!-- libraryapi.LibraryAPI -->
